<?xml version="1.0" encoding="UTF-8"?>
<!-- Generated by org.testng.reporters.JUnitXMLReporter -->
<testsuite ignored="0" hostname="DESKTOP-P6VFJCF" failures="1" tests="1" name="Test" time="5.572" errors="0" timestamp="24 Feb 2025 10:34:20 GMT">
  <testcase classname="test.Driver" name="login" time="1.002">
    <failure type="java.lang.AssertionError" message="expected [Congratulations student. You successfully logged in] but found [Congratulations student. You successfully logged in!]">
      <![CDATA[java.lang.AssertionError: expected [Congratulations student. You successfully logged in] but found [Congratulations student. You successfully logged in!]
at test.Signup.login(Signup.java:23)
at test.Driver.login(Driver.java:10)
... Removed 31 stack frames]]>
    </failure>
  </testcase> <!-- login -->
</testsuite> <!-- Test -->
