<?xml version="1.0" encoding="UTF-8"?>
<testng-results ignored="0" total="1" passed="1" failed="0" skipped="0">
  <reporter-output>
  </reporter-output>
  <suite started-at="2025-02-24T12:32:12Z" name="Suite" finished-at="2025-02-24T12:32:18Z" duration-ms="5728">
    <groups>
    </groups>
    <test started-at="2025-02-24T12:32:12Z" name="Test" finished-at="2025-02-24T12:32:18Z" duration-ms="5728">
      <class name="test.Driver">
        <test-method is-config="true" signature="setup()[pri:0, instance:test.Driver@7164ca4c]" started-at="2025-02-24T12:32:12Z" name="setup" finished-at="2025-02-24T12:32:17Z" duration-ms="4477" status="PASS">
          <reporter-output>
          </reporter-output>
        </test-method> <!-- setup -->
        <test-method signature="login()[pri:0, instance:test.Driver@7164ca4c]" started-at="2025-02-24T12:32:17Z" name="login" finished-at="2025-02-24T12:32:17Z" duration-ms="931" status="PASS">
          <reporter-output>
          </reporter-output>
        </test-method> <!-- login -->
        <test-method is-config="true" signature="tearDown()[pri:0, instance:test.Driver@7164ca4c]" started-at="2025-02-24T12:32:17Z" name="tearDown" finished-at="2025-02-24T12:32:18Z" duration-ms="301" status="PASS">
          <reporter-output>
          </reporter-output>
        </test-method> <!-- tearDown -->
      </class> <!-- test.Driver -->
    </test> <!-- Test -->
  </suite> <!-- Suite -->
</testng-results>
